<?xml version="1.0" encoding="UTF-8"?>
<!-- Generated by org.testng.reporters.JUnitReportReporter -->
<testsuite hostname="DESKTOP-4P71TUE" failures="0" tests="1" name="com.qa.test.testRest" time="7.429" errors="0" timestamp="29 Jun 2021 08:30:05 GMT" skipped="0">
  <testcase classname="com.qa.test.testRest" name="sampleLogin" time="7.429"/>
</testsuite> <!-- com.qa.test.testRest -->
